Started GET "/" for 127.0.0.1 at 2018-02-08 12:12:31 +0300
Processing by ApplicationController#home as HTML
  Rendering layouts/application.html.erb within layouts/application
  Rendered layouts/application.html.erb within layouts/application (700.1ms)
Completed 200 OK in 804ms (Views: 705.3ms)


Started GET "/home" for 127.0.0.1 at 2018-02-08 12:12:41 +0300
  
ActionController::RoutingError (No route matches [GET] "/home"):
  
actionpack (5.1.4) lib/action_dispatch/middleware/debug_exceptions.rb:63:in `call'
web-console (3.5.1) lib/web_console/middleware.rb:135:in `call_app'
web-console (3.5.1) lib/web_console/middleware.rb:28:in `block in call'
web-console (3.5.1) lib/web_console/middleware.rb:18:in `catch'
web-console (3.5.1) lib/web_console/middleware.rb:18:in `call'
actionpack (5.1.4) lib/action_dispatch/middleware/show_exceptions.rb:31:in `call'
railties (5.1.4) lib/rails/rack/logger.rb:36:in `call_app'
railties (5.1.4) lib/rails/rack/logger.rb:24:in `block in call'
activesupport (5.1.4) lib/active_support/tagged_logging.rb:69:in `block in tagged'
activesupport (5.1.4) lib/active_support/tagged_logging.rb:26:in `tagged'
activesupport (5.1.4) lib/active_support/tagged_logging.rb:69:in `tagged'
railties (5.1.4) lib/rails/rack/logger.rb:24:in `call'
sprockets-rails (3.2.1) lib/sprockets/rails/quiet_assets.rb:13:in `call'
actionpack (5.1.4) lib/action_dispatch/middleware/remote_ip.rb:79:in `call'
actionpack (5.1.4) lib/action_dispatch/middleware/request_id.rb:25:in `call'
rack (2.0.4) lib/rack/method_override.rb:22:in `call'
rack (2.0.4) lib/rack/runtime.rb:22:in `call'
activesupport (5.1.4) lib/active_support/cache/strategy/local_cache_middleware.rb:27:in `call'
actionpack (5.1.4) lib/action_dispatch/middleware/executor.rb:12:in `call'
actionpack (5.1.4) lib/action_dispatch/middleware/static.rb:125:in `call'
rack (2.0.4) lib/rack/sendfile.rb:111:in `call'
railties (5.1.4) lib/rails/engine.rb:522:in `call'
puma (3.11.2) lib/puma/configuration.rb:225:in `call'
puma (3.11.2) lib/puma/server.rb:624:in `handle_request'
puma (3.11.2) lib/puma/server.rb:438:in `process_client'
puma (3.11.2) lib/puma/server.rb:302:in `block in run'
puma (3.11.2) lib/puma/thread_pool.rb:120:in `block in spawn_thread'
Started GET "/" for 127.0.0.1 at 2018-02-08 12:13:36 +0300
Processing by ApplicationController#home as HTML
  Rendering layouts/application.html.erb within layouts/application
  Rendered layouts/application.html.erb within layouts/application (11.2ms)
Completed 200 OK in 15ms (Views: 15.1ms)


Started GET "/" for 127.0.0.1 at 2018-02-08 12:14:23 +0300
Processing by ApplicationController#home as HTML
  Rendering layouts/application.html.erb within layouts/application
  Rendered layouts/application.html.erb within layouts/application (179.4ms)
Completed 200 OK in 184ms (Views: 183.8ms)


Started GET "/" for 127.0.0.1 at 2018-02-08 12:14:51 +0300
Processing by ApplicationController#home as HTML
  Rendering layouts/application.html.erb within layouts/application
  Rendered layouts/application.html.erb within layouts/application (15.1ms)
Completed 200 OK in 20ms (Views: 19.2ms)


Started GET "/" for 127.0.0.1 at 2018-02-08 12:16:08 +0300
Processing by ApplicationController#home as HTML
  Rendering layouts/application.html.erb within layouts/application
  Rendered layouts/application.html.erb within layouts/application (512.9ms)
Completed 200 OK in 620ms (Views: 517.8ms)


Started GET "/" for 127.0.0.1 at 2018-02-08 12:16:13 +0300
Processing by ApplicationController#home as HTML
  Rendering layouts/application.html.erb within layouts/application
  Rendered layouts/application.html.erb within layouts/application (9.2ms)
Completed 200 OK in 14ms (Views: 13.5ms)


Started GET "/" for 127.0.0.1 at 2018-02-08 12:16:24 +0300
Processing by ApplicationController#home as HTML
  Rendering layouts/application.html.erb within layouts/application
  Rendered layouts/application.html.erb within layouts/application (9.7ms)
Completed 200 OK in 14ms (Views: 13.6ms)


Started GET "/" for 127.0.0.1 at 2018-02-08 12:18:12 +0300
Processing by ApplicationController#home as HTML
  Rendering layouts/application.html.erb within layouts/application
  Rendered layouts/application.html.erb within layouts/application (188.3ms)
Completed 200 OK in 192ms (Views: 192.1ms)


Started GET "/" for 127.0.0.1 at 2018-02-08 12:19:33 +0300
Processing by ApplicationController#home as HTML
  Rendering layouts/application.html.erb within layouts/application
  Rendered layouts/application.html.erb within layouts/application (187.5ms)
Completed 200 OK in 205ms (Views: 204.2ms)


Started GET "/" for 127.0.0.1 at 2018-02-08 12:19:57 +0300
Processing by ApplicationController#home as HTML
  Rendering layouts/application.html.erb within layouts/application
  Rendered layouts/application.html.erb within layouts/application (185.7ms)
Completed 200 OK in 192ms (Views: 192.0ms)


Started GET "/" for 127.0.0.1 at 2018-02-09 08:38:56 +0300
Processing by ApplicationController#home as HTML
  Rendering layouts/application.html.erb within layouts/application
  Rendered layouts/application.html.erb within layouts/application (818.0ms)
Completed 200 OK in 982ms (Views: 824.3ms)


Started GET "/" for 127.0.0.1 at 2018-02-09 09:54:00 +0300
Processing by ApplicationController#home as HTML
Completed 406 Not Acceptable in 103ms


  
ActionController::UnknownFormat (ActionController::UnknownFormat):
  
app/controllers/application_controller.rb:6:in `home'
Started GET "/" for 127.0.0.1 at 2018-02-09 09:56:08 +0300
Processing by ApplicationController#home as JSON
Completed 200 OK in 107ms (Views: 0.1ms)


Started GET "/home" for 127.0.0.1 at 2018-02-09 09:57:30 +0300
Processing by ApplicationController#home as JSON
Completed 200 OK in 101ms (Views: 0.1ms)


Started GET "/home" for 127.0.0.1 at 2018-02-09 09:59:45 +0300
Processing by ApplicationController#home as JSON
Completed 200 OK in 0ms (Views: 0.1ms)


Started GET "/home" for 127.0.0.1 at 2018-02-09 10:04:38 +0300
Processing by ApplicationController#home as JSON
Completed 200 OK in 0ms (Views: 0.1ms)


Started GET "/home" for 127.0.0.1 at 2018-02-09 10:10:24 +0300
Processing by ApplicationController#home as JSON
Completed 200 OK in 112ms (Views: 0.2ms)


Started GET "/home" for 127.0.0.1 at 2018-02-09 10:10:27 +0300
Processing by ApplicationController#home as JSON
Completed 200 OK in 1ms (Views: 0.1ms)


Started GET "/home" for 127.0.0.1 at 2018-02-09 10:11:51 +0300
Processing by ApplicationController#home as JSON
Completed 200 OK in 0ms (Views: 0.1ms)


Started GET "/home" for 127.0.0.1 at 2018-02-09 10:14:16 +0300
  
SyntaxError (/home/tiurina-k/work/ror/random-app/backend/app/controllers/application_controller.rb:3: syntax error, unexpected ':', expecting keyword_end
 Access-Control-Allow-Headers: Content-Type
                              ^
/home/tiurina-k/work/ror/random-app/backend/app/controllers/application_controller.rb:4: syntax error, unexpected ':', expecting keyword_end
 Access-Control-Allow-Methods: GET, POST, OPTIONS
                              ^
/home/tiurina-k/work/ror/random-app/backend/app/controllers/application_controller.rb:4: syntax error, unexpected '\n', expecting '='
/home/tiurina-k/work/ror/random-app/backend/app/controllers/application_controller.rb:5: syntax error, unexpected ':', expecting keyword_end
  Access-Control-Allow-Origin: *
                              ^
/home/tiurina-k/work/ror/random-app/backend/app/controllers/application_controller.rb:12: syntax error, unexpected '\n', expecting &. or :: or '[' or '.'):
  
app/controllers/application_controller.rb:3: syntax error, unexpected ':', expecting keyword_end
app/controllers/application_controller.rb:4: syntax error, unexpected ':', expecting keyword_end
app/controllers/application_controller.rb:4: syntax error, unexpected '\n', expecting '='
app/controllers/application_controller.rb:5: syntax error, unexpected ':', expecting keyword_end
app/controllers/application_controller.rb:12: syntax error, unexpected '\n', expecting &. or :: or '[' or '.'
Started GET "/home" for 127.0.0.1 at 2018-02-09 10:17:28 +0300
  
SyntaxError (/home/tiurina-k/work/ror/random-app/backend/app/controllers/application_controller.rb:3: syntax error, unexpected ':', expecting keyword_end
 Access-Control-Allow-Headers: Content-Type
                              ^
/home/tiurina-k/work/ror/random-app/backend/app/controllers/application_controller.rb:4: syntax error, unexpected ':', expecting keyword_end
 Access-Control-Allow-Methods: GET, POST, OPTIONS
                              ^
/home/tiurina-k/work/ror/random-app/backend/app/controllers/application_controller.rb:4: syntax error, unexpected '\n', expecting '='
/home/tiurina-k/work/ror/random-app/backend/app/controllers/application_controller.rb:5: syntax error, unexpected ':', expecting keyword_end
  Access-Control-Allow-Origin: *
                              ^
/home/tiurina-k/work/ror/random-app/backend/app/controllers/application_controller.rb:12: syntax error, unexpected '\n', expecting &. or :: or '[' or '.'):
  
app/controllers/application_controller.rb:3: syntax error, unexpected ':', expecting keyword_end
app/controllers/application_controller.rb:4: syntax error, unexpected ':', expecting keyword_end
app/controllers/application_controller.rb:4: syntax error, unexpected '\n', expecting '='
app/controllers/application_controller.rb:5: syntax error, unexpected ':', expecting keyword_end
app/controllers/application_controller.rb:12: syntax error, unexpected '\n', expecting &. or :: or '[' or '.'
Started GET "/home" for 127.0.0.1 at 2018-02-09 10:17:59 +0300
Processing by ApplicationController#home as JSON
Completed 200 OK in 122ms (Views: 0.2ms)


Started GET "/home" for 127.0.0.1 at 2018-02-09 10:18:32 +0300
Processing by ApplicationController#home as JSON
Completed 200 OK in 0ms (Views: 0.1ms)


Started GET "/home" for 127.0.0.1 at 2018-02-09 10:19:16 +0300
Processing by ApplicationController#home as JSON
Completed 200 OK in 0ms (Views: 0.1ms)


Started GET "/home" for 127.0.0.1 at 2018-02-09 10:19:30 +0300
Processing by ApplicationController#home as JSON
Completed 200 OK in 0ms (Views: 0.1ms)


Started GET "/home" for 127.0.0.1 at 2018-02-09 10:19:33 +0300
Processing by ApplicationController#home as JSON
Completed 200 OK in 1ms (Views: 0.2ms)


Started GET "/home" for 127.0.0.1 at 2018-02-09 10:19:50 +0300
Processing by ApplicationController#home as JSON
Completed 200 OK in 0ms (Views: 0.1ms)


Started GET "/home" for 127.0.0.1 at 2018-02-09 10:22:10 +0300
Processing by ApplicationController#home as JSON
Completed 200 OK in 0ms (Views: 0.1ms)


Started GET "/home" for 127.0.0.1 at 2018-02-09 10:22:12 +0300
Processing by ApplicationController#home as JSON
Completed 200 OK in 1ms (Views: 0.3ms)


Started GET "/home" for 127.0.0.1 at 2018-02-09 10:22:13 +0300
Processing by ApplicationController#home as JSON
Completed 200 OK in 1ms (Views: 0.2ms)


Started GET "/home" for 127.0.0.1 at 2018-02-09 10:25:55 +0300
Processing by ApplicationController#home as JSON
Completed 200 OK in 109ms (Views: 0.3ms)


Started GET "/" for 127.0.0.1 at 2018-02-09 10:25:57 +0300
Processing by ApplicationController#home as JSON
Completed 200 OK in 1ms (Views: 0.2ms)


Started GET "/sports" for 127.0.0.1 at 2018-02-09 10:26:01 +0300
Processing by ApplicationController#sports as JSON
Completed 200 OK in 1ms (Views: 0.2ms)


Started GET "/home" for 127.0.0.1 at 2018-02-09 10:27:09 +0300
Processing by ApplicationController#home as JSON
Completed 200 OK in 0ms (Views: 0.1ms)


Started GET "/sports" for 127.0.0.1 at 2018-02-09 10:27:12 +0300
Processing by ApplicationController#sports as JSON
Completed 200 OK in 1ms (Views: 0.2ms)


Started GET "/sports" for 127.0.0.1 at 2018-02-09 10:27:40 +0300
Processing by ApplicationController#sports as JSON
Completed 200 OK in 1ms (Views: 0.3ms)


Started GET "/home" for 127.0.0.1 at 2018-02-09 10:27:42 +0300
Processing by ApplicationController#home as JSON
Completed 200 OK in 1ms (Views: 0.1ms)


Started GET "/sports" for 127.0.0.1 at 2018-02-09 10:27:43 +0300
Processing by ApplicationController#sports as JSON
Completed 200 OK in 1ms (Views: 0.2ms)


Started GET "/home" for 127.0.0.1 at 2018-02-09 10:27:44 +0300
Processing by ApplicationController#home as JSON
Completed 200 OK in 0ms (Views: 0.2ms)


Started GET "/sports" for 127.0.0.1 at 2018-02-09 10:27:45 +0300
Processing by ApplicationController#sports as JSON
Completed 200 OK in 1ms (Views: 0.2ms)


Started GET "/home" for 127.0.0.1 at 2018-02-09 10:27:45 +0300
Processing by ApplicationController#home as JSON
Completed 200 OK in 1ms (Views: 0.2ms)


Started GET "/sports" for 127.0.0.1 at 2018-02-09 10:27:46 +0300
Processing by ApplicationController#sports as JSON
Completed 200 OK in 1ms (Views: 0.3ms)


Started GET "/home" for 127.0.0.1 at 2018-02-09 10:27:46 +0300
Processing by ApplicationController#home as JSON
Completed 200 OK in 1ms (Views: 0.3ms)


Started GET "/sports" for 127.0.0.1 at 2018-02-09 10:27:52 +0300
Processing by ApplicationController#sports as JSON
Completed 200 OK in 0ms (Views: 0.1ms)


